{"logTime": "1112/195455", "correlationVector":"yq8I0xEQQWnTMfhUIclsJ7.1","action":"SyncServerConnectionManagerRequest", "result":"SYNC_SERVER_OK", "context":{"environment":"Prod_brazilsouth_prod-s01-034-sam-brazilsouth", "migrationStage":"NotStarted", "server":"akswtt01600003p"}}
{"logTime": "1112/195455", "correlationVector":"yq8I0xEQQWnTMfhUIclsJ7.2","action":"ProcessGetUpdates", "result":"Done", "context":{"dataType":"Encryption Keys", "deleted":"0", "process_failed_to_decrypt":"0", "process_pending_decryption":"0", "process_success":"1", "total":"1"}}
{"logTime": "1112/195455", "correlationVector":"+d9k0FgsbZyOA9LEqQz7c/","action":"ValidateEncryptionKeys", "result":"No mitigation", "context":Nigori: [:1761366985038]}
{"logTime": "1112/195456", "correlationVector":"+d9k0FgsbZyOA9LEqQz7c/.0","action":"SyncServerConnectionManagerRequest", "result":"SYNC_SERVER_OK", "context":{"environment":"", "migrationStage":"", "server":""}}
{"logTime": "1112/195456", "correlationVector":"+d9k0FgsbZyOA9LEqQz7c/.1","action":"EncryptionKeysFetcher.DownloadKeys:", "result":"Success", "context":Key count: 7, Last key timestamp: 2025-10-25T04:36:18Z}
{"logTime": "1112/195456", "correlationVector":"+d9k0FgsbZyOA9LEqQz7c/.2","action":"EncryptionKeysManager::SetEncryptionKeys:", "result":"Success", "context":Key names[7]:[sfjgg9NemghgW+fLz0nGNY0fZsUYBAmwQAoASEX3QBwi801UpJr4UmW5MsSiyLE1Yij1Rcdnzcgy3Mrh35kEEw==][awIB3CTfNju9hea1/xx7/I0L2EfBc37RGFLV3nUwefrLtwpFbxKK9TxdqR8/NEMB6TnyEOmYTtTbsRnnGR8yYA==][jMbruO6L7q7kgWO8OyTlkjU6CCI6oDvqtctULHBuO8LwGk/Aduef8/mTT5mqrwL9QG+8+i9S4VHHYSlZz/pXkA==][XGuhx209Dbzh598oMgTh6LXkofGea5XNPIziXPYLZ149mXqt87knZdJLEejdrPyIPtty15aaCKqlS7hYxn8tZg==][5dYCHcacZHzRvLQzsCKt4HCHSgTyuuR7GepOz3jdqrxYaFb9RHWzuKWSvs05UNYAjlLPiSw36p0St/O54q/T8A==][qi+78ftVcre8QZ0f3L7bpd0xUksJkACzxHK4KZZSMZnZP06u7fVIXm3aX9j//nH59o68momTLNnX9PEFsRLKSw==][7UA/7dEKBtw5CxWfg9KQ/NeXaneqRwkegGOykwAyoPFNVpDHX/spnd1n/R8QPTXy5xgBWNqHLeFtcU6ZRG/hHA==]}
{"logTime": "1112/195456", "correlationVector":"+d9k0FgsbZyOA9LEqQz7c/.3","action":"EncryptionKeysManager::SetEncryptionKeysWithTimestamps:", "result":"Success", "context":Key timestamps[7]:[2021-06-10T23:42:50Z][2022-02-25T23:30:16Z][2022-08-25T18:29:44Z][2023-02-22T05:19:22Z][2023-08-21T06:05:45Z][2024-02-17T20:44:44Z][2025-10-25T04:36:18Z]}
{"logTime": "1112/195456", "correlationVector":"yq8I0xEQQWnTMfhUIclsJ7","action":"Initial GetUpdates", "result":"", "context":Reason: NEW_CLIENT. cV=yq8I0xEQQWnTMfhUIclsJ7}
{"logTime": "1112/195456", "correlationVector":"yq8I0xEQQWnTMfhUIclsJ7.3","action":"GetUpdates Response", "result":"Success", "context":Received 1 update(s). cV=yq8I0xEQQWnTMfhUIclsJ7.0;server=akswtt01600003p;cloudType=Consumer;environment=Prod_brazilsouth_prod-s01-034-sam-brazilsouth;migrationStage=NotStarted}
{"logTime": "1112/195456", "correlationVector":"laJeUQ7dKCXTHkDCHSeoYJ","action":"Initial GetUpdates", "result":"", "context":Reason: NEWLY_SUPPORTED_DATATYPE. cV=laJeUQ7dKCXTHkDCHSeoYJ}
{"logTime": "1112/195456", "correlationVector":"laJeUQ7dKCXTHkDCHSeoYJ.1","action":"SyncServerConnectionManagerRequest", "result":"SYNC_SERVER_OK", "context":{"environment":"Prod_brazilsouth_prod-s01-034-sam-brazilsouth", "migrationStage":"NotStarted", "server":"akswtt01600003e"}}
{"logTime": "1112/195456", "correlationVector":"laJeUQ7dKCXTHkDCHSeoYJ.2","action":"ProcessGetUpdates", "result":"Done", "context":{"dataType":"Preferences", "deleted":"0", "process_failed_to_decrypt":"0", "process_pending_decryption":"0", "process_success":"105", "total":"105"}}
{"logTime": "1112/195456", "correlationVector":"laJeUQ7dKCXTHkDCHSeoYJ.3","action":"ProcessGetUpdates", "result":"Done", "context":{"dataType":"Passwords", "deleted":"0", "process_failed_to_decrypt":"0", "process_pending_decryption":"0", "process_success":"103", "total":"103"}}
{"logTime": "1112/195456", "correlationVector":"laJeUQ7dKCXTHkDCHSeoYJ.4","action":"ProcessGetUpdates", "result":"Done", "context":{"dataType":"Device Info", "deleted":"0", "process_failed_to_decrypt":"0", "process_pending_decryption":"0", "process_success":"8", "total":"8"}}
{"logTime": "1112/195456", "correlationVector":"laJeUQ7dKCXTHkDCHSeoYJ.5","action":"GetUpdates Response", "result":"Success", "context":Received 216 update(s). cV=laJeUQ7dKCXTHkDCHSeoYJ.0;server=akswtt01600003e;cloudType=Consumer;environment=Prod_brazilsouth_prod-s01-034-sam-brazilsouth;migrationStage=NotStarted}
{"logTime": "1112/195456", "correlationVector":"sx761iwRZuKpsUdUIaomiI","action":"Initial GetUpdates", "result":"", "context":Reason: NEWLY_SUPPORTED_DATATYPE. cV=sx761iwRZuKpsUdUIaomiI}
{"logTime": "1112/195457", "correlationVector":"sx761iwRZuKpsUdUIaomiI.1","action":"SyncServerConnectionManagerRequest", "result":"SYNC_SERVER_OK", "context":{"environment":"Prod_brazilsouth_prod-s01-034-sam-brazilsouth", "migrationStage":"NotStarted", "server":"akswtt016000004"}}
{"logTime": "1112/195457", "correlationVector":"sx761iwRZuKpsUdUIaomiI.2","action":"ProcessGetUpdates", "result":"Done", "context":{"dataType":"Bookmarks", "deleted":"0", "process_failed_to_decrypt":"0", "process_pending_decryption":"0", "process_success":"32", "total":"32"}}
{"logTime": "1112/195457", "correlationVector":"sx761iwRZuKpsUdUIaomiI.3","action":"GetUpdates Response", "result":"Success", "context":Received 32 update(s). cV=sx761iwRZuKpsUdUIaomiI.0;server=akswtt016000004;cloudType=Consumer;environment=Prod_brazilsouth_prod-s01-034-sam-brazilsouth;migrationStage=NotStarted}
{"logTime": "1112/195457", "correlationVector":"ck8BWd9y2jAyKYq+9oK8r6","action":"Initial GetUpdates", "result":"", "context":Reason: NEWLY_SUPPORTED_DATATYPE. cV=ck8BWd9y2jAyKYq+9oK8r6}
{"logTime": "1112/195457", "correlationVector":"ck8BWd9y2jAyKYq+9oK8r6.1","action":"SyncServerConnectionManagerRequest", "result":"SYNC_SERVER_OK", "context":{"environment":"Prod_brazilsouth_prod-s01-034-sam-brazilsouth", "migrationStage":"NotStarted", "server":"akswtt01600003b"}}
{"logTime": "1112/195457", "correlationVector":"ck8BWd9y2jAyKYq+9oK8r6.2","action":"ProcessGetUpdates", "result":"Done", "context":{"dataType":"Autofill Profiles", "deleted":"22", "process_failed_to_decrypt":"0", "process_pending_decryption":"0", "process_success":"22", "total":"22"}}
{"logTime": "1112/195457", "correlationVector":"ck8BWd9y2jAyKYq+9oK8r6.3","action":"ProcessGetUpdates", "result":"Done", "context":{"dataType":"Autofill", "deleted":"0", "process_failed_to_decrypt":"0", "process_pending_decryption":"0", "process_success":"1", "total":"1"}}
{"logTime": "1112/195457", "correlationVector":"ck8BWd9y2jAyKYq+9oK8r6.4","action":"ProcessGetUpdates", "result":"Done", "context":{"dataType":"Extensions", "deleted":"0", "process_failed_to_decrypt":"0", "process_pending_decryption":"0", "process_success":"2", "total":"2"}}
{"logTime": "1112/195457", "correlationVector":"ck8BWd9y2jAyKYq+9oK8r6.5","action":"ProcessGetUpdates", "result":"Done", "context":{"dataType":"Sessions", "deleted":"2", "process_failed_to_decrypt":"0", "process_pending_decryption":"0", "process_success":"8", "total":"8"}}
{"logTime": "1112/195457", "correlationVector":"ck8BWd9y2jAyKYq+9oK8r6.6","action":"ProcessGetUpdates", "result":"Done", "context":{"dataType":"Web Apps", "deleted":"0", "process_failed_to_decrypt":"0", "process_pending_decryption":"0", "process_success":"1", "total":"1"}}
{"logTime": "1112/195457", "correlationVector":"ck8BWd9y2jAyKYq+9oK8r6.7","action":"ProcessGetUpdates", "result":"Done", "context":{"dataType":"Collection", "deleted":"0", "process_failed_to_decrypt":"0", "process_pending_decryption":"0", "process_success":"2", "total":"2"}}
{"logTime": "1112/195457", "correlationVector":"ck8BWd9y2jAyKYq+9oK8r6.8","action":"GetUpdates Response", "result":"Success", "context":Received 36 update(s). cV=ck8BWd9y2jAyKYq+9oK8r6.0;server=akswtt01600003b;cloudType=Consumer;environment=Prod_brazilsouth_prod-s01-034-sam-brazilsouth;migrationStage=NotStarted}
{"logTime": "1112/195457", "correlationVector":"RyOO3p4/x+Q+2WYSzRP2pn","action":"Normal GetUpdate request", "result":"", "context":cV=RyOO3p4/x+Q+2WYSzRP2pn
Nudged types: Sessions, Device Info, History
Refresh requested types: Bookmarks, Preferences, Passwords, Autofill Profiles, Autofill, Extensions, Sessions, Extension settings, History Delete Directives, Device Info, User Consents, Send Tab To Self, Web Apps, History, Saved Tab Group, WebAuthn Credentials, Collection, Edge E Drop, Edge Hub App Usage, Edge Wallet, Encryption Keys}
{"logTime": "1112/195458", "correlationVector":"RyOO3p4/x+Q+2WYSzRP2pn.1","action":"SyncServerConnectionManagerRequest", "result":"SYNC_SERVER_OK", "context":{"environment":"Prod_brazilsouth_prod-s01-034-sam-brazilsouth", "migrationStage":"NotStarted", "server":"akswtt016000033"}}
{"logTime": "1112/195458", "correlationVector":"RyOO3p4/x+Q+2WYSzRP2pn.2","action":"ProcessGetUpdates", "result":"Done", "context":{"dataType":"History", "deleted":"0", "process_failed_to_decrypt":"0", "process_pending_decryption":"0", "process_success":"14", "total":"14"}}
{"logTime": "1112/195458", "correlationVector":"RyOO3p4/x+Q+2WYSzRP2pn.3","action":"GetUpdates Response", "result":"Success", "context":Received 14 update(s). cV=RyOO3p4/x+Q+2WYSzRP2pn.0;server=akswtt016000033;cloudType=Consumer;environment=Prod_brazilsouth_prod-s01-034-sam-brazilsouth;migrationStage=NotStarted}
{"logTime": "1112/195458", "correlationVector":"tl7IMhS51pyP2OOaE9y+VK","action":"Commit Request", "result":"", "context":Item count: 4
Contributing types: Sessions, Device Info, History}
{"logTime": "1112/195459", "correlationVector":"tl7IMhS51pyP2OOaE9y+VK.1","action":"SyncServerConnectionManagerRequest", "result":"SYNC_SERVER_OK", "context":{"environment":"Prod_brazilsouth_prod-s01-034-sam-brazilsouth", "migrationStage":"NotStarted", "server":"akswtt016000044"}}
{"logTime": "1112/195459", "correlationVector":"tl7IMhS51pyP2OOaE9y+VK.2","action":"Commit Response", "result":"Success", "context":Result: Success. cV=tl7IMhS51pyP2OOaE9y+VK.0;server=akswtt016000044;cloudType=Consumer;environment=Prod_brazilsouth_prod-s01-034-sam-brazilsouth;migrationStage=NotStarted}
{"logTime": "1112/195459", "correlationVector":"xFtPZTIPl8lszgwiIi7D8z","action":"Poll GetUpdate request", "result":"", "context":cV=xFtPZTIPl8lszgwiIi7D8z}
{"logTime": "1112/195500", "correlationVector":"xFtPZTIPl8lszgwiIi7D8z.1","action":"SyncServerConnectionManagerRequest", "result":"SYNC_SERVER_OK", "context":{"environment":"Prod_brazilsouth_prod-s01-034-sam-brazilsouth", "migrationStage":"NotStarted", "server":"akswtt01600003a"}}
{"logTime": "1112/195500", "correlationVector":"xFtPZTIPl8lszgwiIi7D8z.2","action":"ProcessGetUpdates", "result":"Done", "context":{"dataType":"Sessions", "deleted":"0", "process_failed_to_decrypt":"0", "process_pending_decryption":"0", "process_success":"2", "total":"2"}}
{"logTime": "1112/195500", "correlationVector":"xFtPZTIPl8lszgwiIi7D8z.3","action":"ProcessGetUpdates", "result":"Done", "context":{"dataType":"Device Info", "deleted":"0", "process_failed_to_decrypt":"0", "process_pending_decryption":"0", "process_success":"1", "total":"1"}}
{"logTime": "1112/195500", "correlationVector":"xFtPZTIPl8lszgwiIi7D8z.4","action":"ProcessGetUpdates", "result":"Done", "context":{"dataType":"History", "deleted":"0", "process_failed_to_decrypt":"0", "process_pending_decryption":"0", "process_success":"1", "total":"1"}}
{"logTime": "1112/195500", "correlationVector":"xFtPZTIPl8lszgwiIi7D8z.5","action":"GetUpdates Response", "result":"Success", "context":Received 4 update(s). cV=xFtPZTIPl8lszgwiIi7D8z.0;server=akswtt01600003a;cloudType=Consumer;environment=Prod_brazilsouth_prod-s01-034-sam-brazilsouth;migrationStage=NotStarted}
{"logTime": "1112/195500", "correlationVector":"C8vd7b5AoTjocVorUnP9GU","action":"DoCompareDataConsistency requsted types: ", "result":"Bookmarks, Preferences, Passwords, Extensions, Extension settings, History Delete Directives, Send Tab To Self, Web Apps, History, Saved Tab Group, WebAuthn Credentials, Collection, Edge E Drop, Edge Wallet, Encryption Keys"}
{"logTime": "1112/195500", "correlationVector":"C8vd7b5AoTjocVorUnP9GU.0","action":"CompareDataConsistency result: ", "result":"Compare result: Encryption Keys is consistent. local entities count is: 1 local entities hash is: LsHLOJfdBcPbRcrW3NM9yDgkVtY="}
{"logTime": "1112/195500", "correlationVector":"C8vd7b5AoTjocVorUnP9GU.1","action":"CompareDataConsistency result: ", "result":"Compare result: Bookmarks is consistent. local entities count is: 26 local entities hash is: Tx4eRecskR8vwEZaRLQIXXq4s9Y="}
{"logTime": "1112/195500", "correlationVector":"C8vd7b5AoTjocVorUnP9GU.2","action":"CompareDataConsistency result: ", "result":"Compare result: Preferences is consistent. local entities count is: 105 local entities hash is: IpgphJGtLWiEKaF0jVfMgXP3lrU="}
{"logTime": "1112/195500", "correlationVector":"C8vd7b5AoTjocVorUnP9GU.3","action":"CompareDataConsistency result: ", "result":"Compare result: Extensions is consistent. local entities count is: 2 local entities hash is: veiwCHRCA0Bx0T9DD/Wfm32pJJE="}
{"logTime": "1112/195500", "correlationVector":"C8vd7b5AoTjocVorUnP9GU.4","action":"CompareDataConsistency result: ", "result":"Compare result: Extension settings is consistent. local entities count is: 0 local entities hash is: "}
{"logTime": "1112/195500", "correlationVector":"C8vd7b5AoTjocVorUnP9GU.5","action":"CompareDataConsistency result: ", "result":"Compare result: History Delete Directives is consistent. local entities count is: 0 local entities hash is: "}
{"logTime": "1112/195500", "correlationVector":"C8vd7b5AoTjocVorUnP9GU.6","action":"CompareDataConsistency result: ", "result":"Server did not send this Send Tab To Self local entities count is: 0 local entities hash is: "}
{"logTime": "1112/195500", "correlationVector":"C8vd7b5AoTjocVorUnP9GU.7","action":"CompareDataConsistency result: ", "result":"Compare result: Web Apps is consistent. local entities count is: 1 local entities hash is: 8m/anETKwqoX8Qoodn9iKjuo39o="}
{"logTime": "1112/195500", "correlationVector":"C8vd7b5AoTjocVorUnP9GU.8","action":"CompareDataConsistency result: ", "result":"Server did not send this History local entities count is: 0 local entities hash is: "}
{"logTime": "1112/195500", "correlationVector":"C8vd7b5AoTjocVorUnP9GU.9","action":"CompareDataConsistency result: ", "result":"Compare result: Saved Tab Group is consistent. local entities count is: 0 local entities hash is: "}
{"logTime": "1112/195500", "correlationVector":"C8vd7b5AoTjocVorUnP9GU.10","action":"CompareDataConsistency result: ", "result":"Server did not send this WebAuthn Credentials local entities count is: 0 local entities hash is: "}
{"logTime": "1112/195500", "correlationVector":"C8vd7b5AoTjocVorUnP9GU.11","action":"CompareDataConsistency result: ", "result":"Compare result: Collection is consistent. local entities count is: 2 local entities hash is: 9pa570l7t9CN6W7aJa3zoiN3QkM="}
{"logTime": "1112/195500", "correlationVector":"C8vd7b5AoTjocVorUnP9GU.12","action":"CompareDataConsistency result: ", "result":"Compare result: Edge E Drop is consistent. local entities count is: 0 local entities hash is: "}
{"logTime": "1112/195500", "correlationVector":"C8vd7b5AoTjocVorUnP9GU.13","action":"CompareDataConsistency result: ", "result":"Compare result: Edge Wallet is consistent. local entities count is: 0 local entities hash is: "}
{"logTime": "1112/195500", "correlationVector":"C8vd7b5AoTjocVorUnP9GU.14","action":"CompareDataConsistency result: ", "result":"Compare result: Passwords is consistent. local entities count is: 103 local entities hash is: Uea7wHu/KjFTWdkbJ0KwfM7gDqY="}
{"logTime": "1112/195500", "correlationVector":"iM8RtfhQBNcE4GfO8+Rxxd","action":"Commit Request", "result":"", "context":Item count: 1
Contributing types: Edge Hub App Usage}
{"logTime": "1112/195500", "correlationVector":"iM8RtfhQBNcE4GfO8+Rxxd.1","action":"SyncServerConnectionManagerRequest", "result":"SYNC_SERVER_OK", "context":{"environment":"Prod_brazilsouth_prod-s01-034-sam-brazilsouth", "migrationStage":"NotStarted", "server":"akswtt016000047"}}
{"logTime": "1112/195500", "correlationVector":"iM8RtfhQBNcE4GfO8+Rxxd.2","action":"Commit Response", "result":"Success", "context":Result: Success. cV=iM8RtfhQBNcE4GfO8+Rxxd.0;server=akswtt016000047;cloudType=Consumer;environment=Prod_brazilsouth_prod-s01-034-sam-brazilsouth;migrationStage=NotStarted}
{"logTime": "1112/195500", "correlationVector":"","action":"DIAGNOSTIC_REQUEST|v1/diagnosticData/Diagnostic.SendCheckResult()|SUCCESS", "result":""}
{"logTime": "1112/195502", "correlationVector":"2ckwdgif58bWMUSdDuVQWb","action":"Commit Request", "result":"", "context":Item count: 3
Contributing types: Sessions, History}
{"logTime": "1112/195502", "correlationVector":"2ckwdgif58bWMUSdDuVQWb.1","action":"SyncServerConnectionManagerRequest", "result":"SYNC_SERVER_OK", "context":{"environment":"Prod_brazilsouth_prod-s01-034-sam-brazilsouth", "migrationStage":"NotStarted", "server":"akswtt01600003l"}}
{"logTime": "1112/195502", "correlationVector":"2ckwdgif58bWMUSdDuVQWb.2","action":"Commit Response", "result":"Success", "context":Result: Success. cV=2ckwdgif58bWMUSdDuVQWb.0;server=akswtt01600003l;cloudType=Consumer;environment=Prod_brazilsouth_prod-s01-034-sam-brazilsouth;migrationStage=NotStarted}
{"logTime": "1112/195504", "correlationVector":"BIyn7KPR0fY6wMIrPOQaD5","action":"Commit Request", "result":"", "context":Item count: 40
Contributing types: Passwords}
{"logTime": "1112/195507", "correlationVector":"BIyn7KPR0fY6wMIrPOQaD5.1","action":"SyncServerConnectionManagerRequest", "result":"SYNC_SERVER_OK", "context":{"environment":"Prod_brazilsouth_prod-s01-034-sam-brazilsouth", "migrationStage":"NotStarted", "server":"akswtt01600003g"}}
{"logTime": "1112/195507", "correlationVector":"BIyn7KPR0fY6wMIrPOQaD5.2","action":"Commit Response", "result":"Success", "context":Result: Success. cV=BIyn7KPR0fY6wMIrPOQaD5.0;server=akswtt01600003g;cloudType=Consumer;environment=Prod_brazilsouth_prod-s01-034-sam-brazilsouth;migrationStage=NotStarted}
{"logTime": "1112/195507", "correlationVector":"v37mkuJC3p/Cu1iMw70X9T","action":"Commit Request", "result":"", "context":Item count: 28
Contributing types: Preferences, Passwords}
{"logTime": "1112/195509", "correlationVector":"v37mkuJC3p/Cu1iMw70X9T.1","action":"SyncServerConnectionManagerRequest", "result":"SYNC_SERVER_OK", "context":{"environment":"Prod_brazilsouth_prod-s01-034-sam-brazilsouth", "migrationStage":"NotStarted", "server":"akswtt01600000x"}}
{"logTime": "1112/195509", "correlationVector":"v37mkuJC3p/Cu1iMw70X9T.2","action":"Commit Response", "result":"Success", "context":Result: Success. cV=v37mkuJC3p/Cu1iMw70X9T.0;server=akswtt01600000x;cloudType=Consumer;environment=Prod_brazilsouth_prod-s01-034-sam-brazilsouth;migrationStage=NotStarted}
